<?xml version="1.0" encoding="UTF-8"?>
<!-- Generated by org.testng.reporters.JUnitReportReporter -->
<testsuite hostname="LAPTOP-0AE5AE9K" failures="0" tests="1" name="com.juaracoding.ecom.InventoryAddCartTest" time="12.220" errors="0" timestamp="2025-07-20T20:34:12 ICT" skipped="0">
  <testcase classname="com.juaracoding.ecom.InventoryAddCartTest" name="addToCartTest" time="12.220"/>
</testsuite> <!-- com.juaracoding.ecom.InventoryAddCartTest -->
