<?xml version="1.0" encoding="UTF-8"?>
<!-- Generated by org.testng.reporters.JUnitReportReporter -->
<testsuite hostname="LAPTOP-0AE5AE9K" failures="0" tests="3" name="com.juaracoding.ecom.InventoryTest" time="22.932" errors="0" timestamp="2025-07-23T09:37:42 ICT" skipped="0">
  <testcase classname="com.juaracoding.ecom.InventoryTest" name="productSortFeatureTest" time="6.336"/>
  <testcase classname="com.juaracoding.ecom.InventoryTest" name="productDisplayTest" time="6.136"/>
  <testcase classname="com.juaracoding.ecom.InventoryTest" name="addToCartTest" time="10.460"/>
</testsuite> <!-- com.juaracoding.ecom.InventoryTest -->
