<?xml version="1.0" encoding="UTF-8"?>
<!-- Generated by org.testng.reporters.JUnitReportReporter -->
<testsuite hostname="LAPTOP-0AE5AE9K" failures="0" tests="2" name="com.juaracoding.ecom.DragDropTest" time="21.541" errors="0" timestamp="2025-07-22T19:31:24 ICT" skipped="0">
  <testcase classname="com.juaracoding.ecom.DragDropTest" name="resizeElementTest" time="10.900"/>
  <testcase classname="com.juaracoding.ecom.DragDropTest" name="dragElementTest" time="10.641"/>
</testsuite> <!-- com.juaracoding.ecom.DragDropTest -->
