<?xml version="1.0" encoding="UTF-8"?>
<!-- Generated by org.testng.reporters.JUnitReportReporter -->
<testsuite hostname="LAPTOP-0AE5AE9K" failures="0" tests="6" name="com.juaracoding.ecom.AuthenticationTest" time="64.855" errors="0" timestamp="2025-07-22T19:31:24 ICT" skipped="0">
  <testcase classname="com.juaracoding.ecom.AuthenticationTest" name="loginTest" time="13.199"/>
  <testcase classname="com.juaracoding.ecom.AuthenticationTest" name="loginTest" time="11.339"/>
  <testcase classname="com.juaracoding.ecom.AuthenticationTest" name="loginTest" time="9.697"/>
  <testcase classname="com.juaracoding.ecom.AuthenticationTest" name="loginTest" time="12.547"/>
  <testcase classname="com.juaracoding.ecom.AuthenticationTest" name="loginTest" time="10.057"/>
  <testcase classname="com.juaracoding.ecom.AuthenticationTest" name="loginTest" time="8.016"/>
</testsuite> <!-- com.juaracoding.ecom.AuthenticationTest -->
